c:\users\19erlind\dropbox\gymnasiearbete\physics_sim\x64\debug\vc142.pdb
c:\users\19erlind\dropbox\gymnasiearbete\physics_sim\x64\debug\vc142.idb
c:\users\19erlind\dropbox\gymnasiearbete\physics_sim\x64\debug\master.obj
c:\users\19erlind\dropbox\gymnasiearbete\physics_sim\x64\debug\world.obj
c:\users\19erlind\dropbox\gymnasiearbete\physics_sim\x64\debug\bodies.obj
c:\users\19erlind\dropbox\gymnasiearbete\physics_sim\x64\debug\main.obj
c:\users\19erlind\desktop\physics_sim\x64\debug\vc142.pdb
c:\users\19erlind\desktop\physics_sim\x64\debug\vc142.idb
c:\users\19erlind\desktop\physics_sim\x64\debug\master.obj
c:\users\19erlind\desktop\physics_sim\x64\debug\main.obj
c:\users\19erlind\desktop\physics_sim\x64\debug\bodies.obj
c:\users\19erlind\dropbox\gymnasiearbete\physics_sim\x64\debug\physics_sim.ilk
c:\users\19erlind\dropbox\gymnasiearbete\physics_sim\x64\debug\physics_sim.exe
c:\users\19erlind\dropbox\gymnasiearbete\physics_sim\x64\debug\physics_sim.pdb
c:\users\19erlind\desktop\physics_sim\x64\debug\physics_sim.exe
c:\users\19erlind\desktop\physics_sim\x64\debug\physics_sim.ilk
c:\users\19erlind\desktop\physics_sim\x64\debug\physics_sim.pdb
c:\users\19erlind\desktop\physics_sim\x64\debug\world.obj
c:\users\19erlind\desktop\physics_sim\x64\debug\physics_sim.tlog\cl.command.1.tlog
c:\users\19erlind\desktop\physics_sim\x64\debug\physics_sim.tlog\cl.read.1.tlog
c:\users\19erlind\desktop\physics_sim\x64\debug\physics_sim.tlog\cl.write.1.tlog
c:\users\19erlind\desktop\physics_sim\x64\debug\physics_sim.tlog\link.command.1.tlog
c:\users\19erlind\desktop\physics_sim\x64\debug\physics_sim.tlog\link.read.1.tlog
c:\users\19erlind\desktop\physics_sim\x64\debug\physics_sim.tlog\link.write.1.tlog
